#
# A fatal error has been detected by the Java Runtime Environment:
#
#  EXCEPTION_ACCESS_VIOLATION (0xc0000005) at pc=0x0000000064562550, pid=8684, tid=0x0000000000003220
#
# JRE version: Java(TM) SE Runtime Environment (8.0_171-b11) (build 1.8.0_171-b11)
# Java VM: Java HotSpot(TM) 64-Bit Server VM (25.171-b11 mixed mode windows-amd64 compressed oops)
# Problematic frame:
# V  [jvm.dll+0x482550]
[error occurred during error reporting (printing problematic frame), id 0xc0000005]

# Failed to write core dump. Minidumps are not enabled by default on client versions of Windows
#
# If you would like to submit a bug report, please visit:
#   http://bugreport.java.com/bugreport/crash.jsp
#

---------------  T H R E A D  ---------------

Current thread (0x000000001e3bc000):  JavaThread "C2 CompilerThread0" daemon [_thread_in_native, id=12832, stack(0x000000001fb20000,0x000000001fc20000)]

siginfo: ExceptionCode=0xc0000005, reading address 0xffffffffffffffff

Registers:
RAX=0x0000000000000704, RBX=0x0000000000000008, RCX=0x0000000023afe390, RDX=0x0000000023afa880
RSP=0x000000001fc1bc90, RBP=0x0000000023afe390, RSI=0x0000000000000000, RDI=0x0000000000000001
R8 =0x0040000000000000, R9 =0x0000000023afee80, R10=0x0000000000000069, R11=0x0000000023afa880
R12=0x0000000023ad7740, R13=0x0000000022ea7470, R14=0x0000000021a7db20, R15=0x0000000000000018
RIP=0x0000000064562550, EFLAGS=0x0000000000010206

Top of Stack: (sp=0x000000001fc1bc90)
0x000000001fc1bc90:   0000000000000008 0000000000000000
0x000000001fc1bca0:   0000000000000001 0000000022ea7470
0x000000001fc1bcb0:   00000000000007c0 0000000022cb2490
0x000000001fc1bcc0:   00000000001782e8 0000000022cbe510
0x000000001fc1bcd0:   0000000022ea7470 0000000022cbe510
0x000000001fc1bce0:   000000001e387180 000000006475ac08
0x000000001fc1bcf0:   000000001e387180 0000000000000200
0x000000001fc1bd00:   0000000020c79940 0000000000000001
0x000000001fc1bd10:   0000000000000001 000000001e387180
0x000000001fc1bd20:   0000000000000007 0000000021b466a0
0x000000001fc1bd30:   000000001e387180 000000001fc1c1f0
0x000000001fc1bd40:   0000000000000000 000000001fc1be60
0x000000001fc1bd50:   000000001fc1c210 00000000645a6bfb
0x000000001fc1bd60:   000000001fc1c1f0 0000000000000ab3
0x000000001fc1bd70:   0000000023ad7740 0000000023afe390
0x000000001fc1bd80:   0000000021b466f0 0000000021b4e688 

Instructions: (pc=0x0000000064562550)
0x0000000064562530:   48 89 45 38 49 89 6c cc 38 48 8b 4d 10 e8 7e f0
0x0000000064562540:   ff ff 4c 8b 5d 10 4d 8b 43 38 4d 85 c0 74 6c 90
0x0000000064562550:   49 8b 48 20 48 85 c9 75 06 49 8b 50 18 eb 42 48
0x0000000064562560:   83 79 20 00 74 25 e8 35 f1 ff ff 4d 8b 48 20 49 


Register to memory mapping:

RAX=0x0000000000000704 is an unknown value
RBX=0x0000000000000008 is an unknown value
RCX=0x0000000023afe390 is an unknown value
RDX=0x0000000023afa880 is an unknown value
RSP=0x000000001fc1bc90 is pointing into the stack for thread: 0x000000001e3bc000
RBP=0x0000000023afe390 is an unknown value
RSI=0x0000000000000000 is an unknown value
RDI=0x0000000000000001 is an unknown value
R8 =0x0040000000000000 is an unknown value
R9 =0x0000000023afee80 is an unknown value
R10=0x0000000000000069 is an unknown value
R11=0x0000000023afa880 is an unknown value
R12=0x0000000023ad7740 is an unknown value
R13=0x0000000022ea7470 is an unknown value
R14=0x0000000021a7db20 is an unknown value
R15=0x0000000000000018 is an unknown value


Stack: [0x000000001fb20000,0x000000001fc20000],  sp=0x000000001fc1bc90,  free space=1007k
Native frames: (J=compiled Java code, j=interpreted, Vv=VM code, C=native code)
V  [jvm.dll+0x482550]
[error occurred during error reporting (printing native stack), id 0xc0000005]


Current CompileTask:
C2:  20170 4138   !   4       com.sun.tools.javac.parser.JavaTokenizer::readToken (2243 bytes)


---------------  P R O C E S S  ---------------

Java Threads: ( => current thread )
  0x0000000020d90000 JavaThread "resolver-1" daemon [_thread_blocked, id=2460, stack(0x0000000024970000,0x0000000024a70000)]
  0x000000001fe50800 JavaThread "Service Thread" daemon [_thread_blocked, id=8752, stack(0x0000000020220000,0x0000000020320000)]
  0x000000001e3ca000 JavaThread "C1 CompilerThread2" daemon [_thread_in_vm, id=12252, stack(0x000000001fd20000,0x000000001fe20000)]
  0x000000001e3bf000 JavaThread "C2 CompilerThread1" daemon [_thread_in_native, id=13212, stack(0x000000001fc20000,0x000000001fd20000)]
=>0x000000001e3bc000 JavaThread "C2 CompilerThread0" daemon [_thread_in_native, id=12832, stack(0x000000001fb20000,0x000000001fc20000)]
  0x000000001e3c8800 JavaThread "Attach Listener" daemon [_thread_blocked, id=12092, stack(0x000000001fa20000,0x000000001fb20000)]
  0x000000001e3c7800 JavaThread "Signal Dispatcher" daemon [_thread_blocked, id=12980, stack(0x000000001f920000,0x000000001fa20000)]
  0x000000001e3aa800 JavaThread "Finalizer" daemon [_thread_blocked, id=11856, stack(0x000000001f630000,0x000000001f730000)]
  0x0000000005252000 JavaThread "Reference Handler" daemon [_thread_blocked, id=2652, stack(0x000000001f530000,0x000000001f630000)]
  0x0000000005162800 JavaThread "main" [_thread_in_native, id=5480, stack(0x0000000004f80000,0x0000000005080000)]

Other Threads:
  0x000000001e387800 VMThread [stack: 0x000000001f430000,0x000000001f530000] [id=11520]
  0x000000001e41e800 WatcherThread [stack: 0x0000000020320000,0x0000000020420000] [id=13768]

VM state:not at safepoint (normal execution)

VM Mutex/Monitor currently owned by a thread: None

Heap:
 PSYoungGen      total 78336K, used 26548K [0x000000076dd00000, 0x0000000775680000, 0x00000007c0000000)
  eden space 60416K, 40% used [0x000000076dd00000,0x000000076f4c4248,0x0000000771800000)
  from space 17920K, 12% used [0x0000000772b80000,0x0000000772da8e78,0x0000000773d00000)
  to   space 19968K, 0% used [0x0000000771800000,0x0000000771800000,0x0000000772b80000)
 ParOldGen       total 133632K, used 21822K [0x00000006c9600000, 0x00000006d1880000, 0x000000076dd00000)
  object space 133632K, 16% used [0x00000006c9600000,0x00000006cab4f920,0x00000006d1880000)
 Metaspace       used 24825K, capacity 25380K, committed 25600K, reserved 1071104K
  class space    used 2913K, capacity 3054K, committed 3072K, reserved 1048576K

Card table byte_map: [0x0000000014620000,0x0000000014de0000] byte_map_base: 0x0000000010fd5000

Marking Bits: (ParMarkBitMap*) 0x00000000649008c0
 Begin Bits: [0x0000000015710000, 0x00000000194b8000)
 End Bits:   [0x00000000194b8000, 0x000000001d260000)

Polling page: 0x0000000004e90000

CodeCache: size=245760Kb used=13778Kb max_used=13778Kb free=231981Kb
 bounds [0x0000000005260000, 0x0000000005ff0000, 0x0000000014260000]
 total_blobs=4141 nmethods=3726 adapters=327
 compilation: enabled

Compilation events (10 events):
Event: 20.135 Thread 0x000000001e3ca000 nmethod 4206 0x0000000005fc4790 code [0x0000000005fc49e0, 0x0000000005fc5438]
Event: 20.135 Thread 0x000000001e3ca000 4207   !   3       com.sun.tools.javac.parser.JavacParser::methodDeclaratorRest (259 bytes)
Event: 20.138 Thread 0x000000001e3ca000 nmethod 4207 0x0000000005fc5a90 code [0x0000000005fc5da0, 0x0000000005fc73e8]
Event: 20.138 Thread 0x000000001e3ca000 4208       3       com.sun.tools.javac.tree.TreeMaker::MethodDef (37 bytes)
Event: 20.139 Thread 0x000000001e3ca000 nmethod 4208 0x0000000005fc8690 code [0x0000000005fc8800, 0x0000000005fc8a68]
Event: 20.140 Thread 0x000000001e3ca000 4209       3       com.sun.tools.javac.parser.JavacParser::termRest (171 bytes)
Event: 20.141 Thread 0x000000001e3ca000 nmethod 4209 0x0000000005fc8b50 code [0x0000000005fc8de0, 0x0000000005fc9c28]
Event: 20.142 Thread 0x000000001e3ca000 4210 %     3       com.sun.tools.javac.util.Position$LineMapImpl::build @ 25 (128 bytes)
Event: 20.143 Thread 0x000000001e3ca000 nmethod 4210% 0x0000000005fca650 code [0x0000000005fca820, 0x0000000005fcb178]
Event: 20.143 Thread 0x000000001e3ca000 4211       3       com.sun.tools.javac.util.Position$LineMapImpl::build (128 bytes)

GC Heap History (10 events):
Event: 9.141 GC heap before
{Heap before GC invocations=3 (full 0):
 PSYoungGen      total 74240K, used 74230K [0x000000076dd00000, 0x0000000772f80000, 0x00000007c0000000)
  eden space 64000K, 100% used [0x000000076dd00000,0x0000000771b80000,0x0000000771b80000)
  from space 10240K, 99% used [0x0000000772580000,0x0000000772f7db50,0x0000000772f80000)
  to   space 10240K, 0% used [0x0000000771b80000,0x0000000771b80000,0x0000000772580000)
 ParOldGen       total 169472K, used 1259K [0x00000006c9600000, 0x00000006d3b80000, 0x000000076dd00000)
  object space 169472K, 0% used [0x00000006c9600000,0x00000006c973ad00,0x00000006d3b80000)
 Metaspace       used 15756K, capacity 15954K, committed 16128K, reserved 1062912K
  class space    used 1872K, capacity 1947K, committed 2048K, reserved 1048576K
Event: 9.170 GC heap after
Heap after GC invocations=3 (full 0):
 PSYoungGen      total 74240K, used 10224K [0x000000076dd00000, 0x0000000772f80000, 0x00000007c0000000)
  eden space 64000K, 0% used [0x000000076dd00000,0x000000076dd00000,0x0000000771b80000)
  from space 10240K, 99% used [0x0000000771b80000,0x000000077257c070,0x0000000772580000)
  to   space 10240K, 0% used [0x0000000772580000,0x0000000772580000,0x0000000772f80000)
 ParOldGen       total 169472K, used 6019K [0x00000006c9600000, 0x00000006d3b80000, 0x000000076dd00000)
  object space 169472K, 3% used [0x00000006c9600000,0x00000006c9be0fc8,0x00000006d3b80000)
 Metaspace       used 15756K, capacity 15954K, committed 16128K, reserved 1062912K
  class space    used 1872K, capacity 1947K, committed 2048K, reserved 1048576K
}
Event: 15.182 GC heap before
{Heap before GC invocations=4 (full 0):
 PSYoungGen      total 74240K, used 74224K [0x000000076dd00000, 0x0000000772f80000, 0x00000007c0000000)
  eden space 64000K, 100% used [0x000000076dd00000,0x0000000771b80000,0x0000000771b80000)
  from space 10240K, 99% used [0x0000000771b80000,0x000000077257c070,0x0000000772580000)
  to   space 10240K, 0% used [0x0000000772580000,0x0000000772580000,0x0000000772f80000)
 ParOldGen       total 169472K, used 6019K [0x00000006c9600000, 0x00000006d3b80000, 0x000000076dd00000)
  object space 169472K, 3% used [0x00000006c9600000,0x00000006c9be0fc8,0x00000006d3b80000)
 Metaspace       used 17316K, capacity 17734K, committed 18048K, reserved 1064960K
  class space    used 2030K, capacity 2129K, committed 2176K, reserved 1048576K
Event: 15.205 GC heap after
Heap after GC invocations=4 (full 0):
 PSYoungGen      total 74240K, used 10208K [0x000000076dd00000, 0x0000000772f80000, 0x00000007c0000000)
  eden space 64000K, 0% used [0x000000076dd00000,0x000000076dd00000,0x0000000771b80000)
  from space 10240K, 99% used [0x0000000772580000,0x0000000772f78040,0x0000000772f80000)
  to   space 10240K, 0% used [0x0000000771b80000,0x0000000771b80000,0x0000000772580000)
 ParOldGen       total 169472K, used 10642K [0x00000006c9600000, 0x00000006d3b80000, 0x000000076dd00000)
  object space 169472K, 6% used [0x00000006c9600000,0x00000006ca064bd0,0x00000006d3b80000)
 Metaspace       used 17316K, capacity 17734K, committed 18048K, reserved 1064960K
  class space    used 2030K, capacity 2129K, committed 2176K, reserved 1048576K
}
Event: 17.857 GC heap before
{Heap before GC invocations=5 (full 0):
 PSYoungGen      total 74240K, used 53274K [0x000000076dd00000, 0x0000000772f80000, 0x00000007c0000000)
  eden space 64000K, 67% used [0x000000076dd00000,0x000000077070eb50,0x0000000771b80000)
  from space 10240K, 99% used [0x0000000772580000,0x0000000772f78040,0x0000000772f80000)
  to   space 10240K, 0% used [0x0000000771b80000,0x0000000771b80000,0x0000000772580000)
 ParOldGen       total 169472K, used 10642K [0x00000006c9600000, 0x00000006d3b80000, 0x000000076dd00000)
  object space 169472K, 6% used [0x00000006c9600000,0x00000006ca064bd0,0x00000006d3b80000)
 Metaspace       used 20554K, capacity 21104K, committed 21248K, reserved 1069056K
  class space    used 2367K, capacity 2502K, committed 2560K, reserved 1048576K
Event: 17.893 GC heap after
Heap after GC invocations=5 (full 0):
 PSYoungGen      total 72704K, used 10240K [0x000000076dd00000, 0x0000000773d00000, 0x00000007c0000000)
  eden space 62464K, 0% used [0x000000076dd00000,0x000000076dd00000,0x0000000771a00000)
  from space 10240K, 100% used [0x0000000771b80000,0x0000000772580000,0x0000000772580000)
  to   space 17920K, 0% used [0x0000000772b80000,0x0000000772b80000,0x0000000773d00000)
 ParOldGen       total 169472K, used 15316K [0x00000006c9600000, 0x00000006d3b80000, 0x000000076dd00000)
  object space 169472K, 9% used [0x00000006c9600000,0x00000006ca4f5128,0x00000006d3b80000)
 Metaspace       used 20554K, capacity 21104K, committed 21248K, reserved 1069056K
  class space    used 2367K, capacity 2502K, committed 2560K, reserved 1048576K
}
Event: 17.893 GC heap before
{Heap before GC invocations=6 (full 1):
 PSYoungGen      total 72704K, used 10240K [0x000000076dd00000, 0x0000000773d00000, 0x00000007c0000000)
  eden space 62464K, 0% used [0x000000076dd00000,0x000000076dd00000,0x0000000771a00000)
  from space 10240K, 100% used [0x0000000771b80000,0x0000000772580000,0x0000000772580000)
  to   space 17920K, 0% used [0x0000000772b80000,0x0000000772b80000,0x0000000773d00000)
 ParOldGen       total 169472K, used 15316K [0x00000006c9600000, 0x00000006d3b80000, 0x000000076dd00000)
  object space 169472K, 9% used [0x00000006c9600000,0x00000006ca4f5128,0x00000006d3b80000)
 Metaspace       used 20554K, capacity 21104K, committed 21248K, reserved 1069056K
  class space    used 2367K, capacity 2502K, committed 2560K, reserved 1048576K
Event: 18.122 GC heap after
Heap after GC invocations=6 (full 1):
 PSYoungGen      total 72704K, used 0K [0x000000076dd00000, 0x0000000773d00000, 0x00000007c0000000)
  eden space 62464K, 0% used [0x000000076dd00000,0x000000076dd00000,0x0000000771a00000)
  from space 10240K, 0% used [0x0000000771b80000,0x0000000771b80000,0x0000000772580000)
  to   space 17920K, 0% used [0x0000000772b80000,0x0000000772b80000,0x0000000773d00000)
 ParOldGen       total 133632K, used 21814K [0x00000006c9600000, 0x00000006d1880000, 0x000000076dd00000)
  object space 133632K, 16% used [0x00000006c9600000,0x00000006cab4d920,0x00000006d1880000)
 Metaspace       used 20554K, capacity 21104K, committed 21248K, reserved 1069056K
  class space    used 2367K, capacity 2502K, committed 2560K, reserved 1048576K
}
Event: 19.384 GC heap before
{Heap before GC invocations=7 (full 1):
 PSYoungGen      total 72704K, used 62464K [0x000000076dd00000, 0x0000000773d00000, 0x00000007c0000000)
  eden space 62464K, 100% used [0x000000076dd00000,0x0000000771a00000,0x0000000771a00000)
  from space 10240K, 0% used [0x0000000771b80000,0x0000000771b80000,0x0000000772580000)
  to   space 17920K, 0% used [0x0000000772b80000,0x0000000772b80000,0x0000000773d00000)
 ParOldGen       total 133632K, used 21814K [0x00000006c9600000, 0x00000006d1880000, 0x000000076dd00000)
  object space 133632K, 16% used [0x00000006c9600000,0x00000006cab4d920,0x00000006d1880000)
 Metaspace       used 24333K, capacity 24900K, committed 25088K, reserved 1071104K
  class space    used 2884K, capacity 3022K, committed 3072K, reserved 1048576K
Event: 19.391 GC heap after
Heap after GC invocations=7 (full 1):
 PSYoungGen      total 78336K, used 2211K [0x000000076dd00000, 0x0000000775680000, 0x00000007c0000000)
  eden space 60416K, 0% used [0x000000076dd00000,0x000000076dd00000,0x0000000771800000)
  from space 17920K, 12% used [0x0000000772b80000,0x0000000772da8e78,0x0000000773d00000)
  to   space 19968K, 0% used [0x0000000771800000,0x0000000771800000,0x0000000772b80000)
 ParOldGen       total 133632K, used 21822K [0x00000006c9600000, 0x00000006d1880000, 0x000000076dd00000)
  object space 133632K, 16% used [0x00000006c9600000,0x00000006cab4f920,0x00000006d1880000)
 Metaspace       used 24333K, capacity 24900K, committed 25088K, reserved 1071104K
  class space    used 2884K, capacity 3022K, committed 3072K, reserved 1048576K
}

Deoptimization events (10 events):
Event: 18.137 Thread 0x0000000005162800 Uncommon trap: reason=unstable_if action=reinterpret pc=0x0000000005958d00 method=org.eclipse.sisu.plexus.RealmFilteredBeans$FilteredItr.next()Lorg/eclipse/sisu/BeanEntry; @ 4
Event: 18.166 Thread 0x0000000005162800 Uncommon trap: reason=unstable_if action=reinterpret pc=0x00000000057d9e78 method=org.apache.maven.model.Contributor.clone()Lorg/apache/maven/model/Contributor; @ 65
Event: 18.187 Thread 0x0000000005162800 Uncommon trap: reason=unstable_if action=reinterpret pc=0x00000000053a0244 method=org.apache.maven.model.PluginContainer.clone()Lorg/apache/maven/model/PluginContainer; @ 76
Event: 18.272 Thread 0x0000000020d90000 Uncommon trap: reason=class_check action=maybe_recompile pc=0x0000000005f1f500 method=java.util.concurrent.locks.AbstractQueuedSynchronizer.release(I)Z @ 2
Event: 18.274 Thread 0x0000000020d90000 Uncommon trap: reason=class_check action=maybe_recompile pc=0x0000000005f1f500 method=java.util.concurrent.locks.AbstractQueuedSynchronizer.release(I)Z @ 2
Event: 18.450 Thread 0x0000000005162800 Uncommon trap: reason=unstable_if action=reinterpret pc=0x0000000005bc49e0 method=org.codehaus.plexus.util.SelectorUtils.matchAntPathPattern(Ljava/lang/String;Ljava/lang/String;Z)Z @ 70
Event: 18.659 Thread 0x0000000005162800 Uncommon trap: reason=unstable_if action=reinterpret pc=0x0000000005381208 method=java.net.URI.match(CJJ)Z @ 19
Event: 18.666 Thread 0x0000000005162800 Uncommon trap: reason=unstable_if action=reinterpret pc=0x0000000005ea8508 method=java.nio.charset.CharsetDecoder.decode(Ljava/nio/ByteBuffer;Ljava/nio/CharBuffer;Z)Ljava/nio/charset/CoderResult; @ 1
Event: 19.382 Thread 0x0000000005162800 Uncommon trap: reason=unstable_if action=reinterpret pc=0x0000000005dfc158 method=java.util.jar.Manifest$FastInputStream.readLine([BII)I @ 87
Event: 19.839 Thread 0x0000000005162800 Uncommon trap: reason=unstable_if action=reinterpret pc=0x0000000005ee19b0 method=java.io.WinNTFileSystem.parentOrNull(Ljava/lang/String;)Ljava/lang/String; @ 62

Classes redefined (0 events):
No events

Internal exceptions (10 events):
Event: 4.047 Thread 0x0000000005162800 Implicit null exception at 0x00000000054c4556 to 0x00000000054c4901
Event: 4.047 Thread 0x0000000005162800 Implicit null exception at 0x000000000545f996 to 0x000000000545fd39
Event: 4.688 Thread 0x0000000005162800 Implicit null exception at 0x00000000058517b1 to 0x0000000005852a9d
Event: 5.594 Thread 0x0000000005162800 Implicit null exception at 0x00000000059a28c3 to 0x00000000059a2b0d
Event: 6.050 Thread 0x0000000005162800 Implicit null exception at 0x0000000005515795 to 0x0000000005515999
Event: 6.050 Thread 0x0000000005162800 Implicit null exception at 0x000000000564caaf to 0x000000000564cb19
Event: 6.856 Thread 0x0000000005162800 Implicit null exception at 0x0000000005963acf to 0x0000000005963fed
Event: 8.321 Thread 0x0000000005162800 Implicit null exception at 0x0000000005bb42f4 to 0x0000000005bb6039
Event: 11.235 Thread 0x0000000005162800 Implicit null exception at 0x0000000005a81df7 to 0x0000000005a82f9d
Event: 18.658 Thread 0x0000000005162800 Exception <a 'java/lang/ClassNotFoundException': com/sun/tools/javac/api/JavacTool> (0x00000007708e3930) thrown at [C:\re\workspace\8-2-build-windows-amd64-cygwin\jdk8u171\10807\hotspot\src\share\vm\classfile\systemDictionary.cpp, line 210]

Events (10 events):
Event: 19.972 loading class com/sun/tools/javac/parser/JavaTokenizer$BasicComment
Event: 19.972 loading class com/sun/tools/javac/parser/JavaTokenizer$BasicComment done
Event: 19.973 loading class com/sun/tools/javac/parser/JavadocTokenizer$DocReader
Event: 19.973 loading class com/sun/tools/javac/parser/JavadocTokenizer$DocReader done
Event: 19.973 Executing VM operation: Deoptimize
Event: 19.974 Executing VM operation: Deoptimize done
Event: 19.975 loading class java/util/regex/Pattern$Caret
Event: 19.975 loading class java/util/regex/Pattern$Caret done
Event: 20.029 loading class com/sun/tools/javac/parser/LazyDocCommentTable$Entry
Event: 20.029 loading class com/sun/tools/javac/parser/LazyDocCommentTable$Entry done


Dynamic libraries:
0x00007ff754780000 - 0x00007ff7547b7000 	C:\Program Files\Java\jdk1.8.0_171\bin\java.exe
0x00007ffdc8440000 - 0x00007ffdc8620000 	C:\windows\SYSTEM32\ntdll.dll
0x00007ffdc8250000 - 0x00007ffdc82fe000 	C:\windows\System32\KERNEL32.DLL
0x00007ffdc48f0000 - 0x00007ffdc4b56000 	C:\windows\System32\KERNELBASE.dll
0x00007ffdc5960000 - 0x00007ffdc5a01000 	C:\windows\System32\ADVAPI32.dll
0x00007ffdc7950000 - 0x00007ffdc79ed000 	C:\windows\System32\msvcrt.dll
0x00007ffdc8050000 - 0x00007ffdc80ab000 	C:\windows\System32\sechost.dll
0x00007ffdc7b10000 - 0x00007ffdc7c2f000 	C:\windows\System32\RPCRT4.dll
0x00007ffdc80b0000 - 0x00007ffdc823f000 	C:\windows\System32\USER32.dll
0x00007ffdc4d90000 - 0x00007ffdc4db0000 	C:\windows\System32\win32u.dll
0x00007ffdc7fa0000 - 0x00007ffdc7fc8000 	C:\windows\System32\GDI32.dll
0x00007ffdc4db0000 - 0x00007ffdc4f43000 	C:\windows\System32\gdi32full.dll
0x00007ffdc56a0000 - 0x00007ffdc573b000 	C:\windows\System32\msvcp_win.dll
0x00007ffdc4b60000 - 0x00007ffdc4c55000 	C:\windows\System32\ucrtbase.dll
0x00007ffdb6bb0000 - 0x00007ffdb6e19000 	C:\windows\WinSxS\amd64_microsoft.windows.common-controls_6595b64144ccf1df_6.0.16299.551_none_15c7d58c93659c3c\COMCTL32.dll
0x00007ffdc7c90000 - 0x00007ffdc7f97000 	C:\windows\System32\combase.dll
0x00007ffdc4c60000 - 0x00007ffdc4cd2000 	C:\windows\System32\bcryptPrimitives.dll
0x00007ffdc5910000 - 0x00007ffdc593d000 	C:\windows\System32\IMM32.DLL
0x00007ffdbfba0000 - 0x00007ffdbfc4f000 	C:\Program Files\McAfee\Endpoint Security\Threat Prevention\Ips\EpMPApi.dll
0x00007ffdc4840000 - 0x00007ffdc4898000 	C:\windows\System32\WINTRUST.dll
0x00007ffdc4790000 - 0x00007ffdc47a2000 	C:\windows\System32\MSASN1.dll
0x00007ffdc5740000 - 0x00007ffdc590e000 	C:\windows\System32\CRYPT32.dll
0x0000000065c90000 - 0x0000000065c9c000 	C:\Program Files\McAfee\Endpoint Security\Threat Prevention\Ips\EpMPThe.dll
0x0000000065810000 - 0x00000000658e2000 	C:\Program Files\Java\jdk1.8.0_171\jre\bin\msvcr100.dll
0x00000000640e0000 - 0x0000000064980000 	C:\Program Files\Java\jdk1.8.0_171\jre\bin\server\jvm.dll
0x00007ffdc5950000 - 0x00007ffdc5958000 	C:\windows\System32\PSAPI.DLL
0x00007ffdc2970000 - 0x00007ffdc2993000 	C:\windows\SYSTEM32\WINMM.dll
0x00007ffdb6ec0000 - 0x00007ffdb6eca000 	C:\windows\SYSTEM32\VERSION.dll
0x00007ffdbfb00000 - 0x00007ffdbfb09000 	C:\windows\SYSTEM32\WSOCK32.dll
0x00007ffdc7660000 - 0x00007ffdc76cc000 	C:\windows\System32\WS2_32.dll
0x00007ffdc2940000 - 0x00007ffdc296a000 	C:\windows\SYSTEM32\WINMMBASE.dll
0x00007ffdc48a0000 - 0x00007ffdc48ea000 	C:\windows\System32\cfgmgr32.dll
0x0000000065b80000 - 0x0000000065b8f000 	C:\Program Files\Java\jdk1.8.0_171\jre\bin\verify.dll
0x0000000065b50000 - 0x0000000065b79000 	C:\Program Files\Java\jdk1.8.0_171\jre\bin\java.dll
0x0000000065b30000 - 0x0000000065b46000 	C:\Program Files\Java\jdk1.8.0_171\jre\bin\zip.dll
0x00007ffdc6080000 - 0x00007ffdc74b8000 	C:\windows\System32\SHELL32.dll
0x00007ffdc7840000 - 0x00007ffdc78e6000 	C:\windows\System32\shcore.dll
0x00007ffdc4f50000 - 0x00007ffdc5697000 	C:\windows\System32\windows.storage.dll
0x00007ffdc7c30000 - 0x00007ffdc7c81000 	C:\windows\System32\shlwapi.dll
0x00007ffdc4820000 - 0x00007ffdc4831000 	C:\windows\System32\kernel.appcore.dll
0x00007ffdc47d0000 - 0x00007ffdc481c000 	C:\windows\System32\powrprof.dll
0x00007ffdc47b0000 - 0x00007ffdc47cb000 	C:\windows\System32\profapi.dll
0x00007ffda10b0000 - 0x00007ffda10ba000 	E:\software\apache-maven-3.5.3-bin\apache-maven-3.5.3\lib\jansi-native\windows64\jansi.dll
0x00000000657f0000 - 0x000000006580a000 	C:\Program Files\Java\jdk1.8.0_171\jre\bin\net.dll
0x00007ffdc4020000 - 0x00007ffdc4086000 	C:\windows\system32\mswsock.dll
0x00000000657d0000 - 0x00000000657e1000 	C:\Program Files\Java\jdk1.8.0_171\jre\bin\nio.dll
0x00007ffdb2ce0000 - 0x00007ffdb2ea8000 	C:\windows\SYSTEM32\dbghelp.dll

VM Arguments:
jvm_args: -Dclassworlds.conf=E:\software\apache-maven-3.5.3-bin\apache-maven-3.5.3\bin\..\bin\m2.conf -Dmaven.home=E:\software\apache-maven-3.5.3-bin\apache-maven-3.5.3\bin\.. -Dlibrary.jansi.path=E:\software\apache-maven-3.5.3-bin\apache-maven-3.5.3\bin\..\lib\jansi-native -Dmaven.multiModuleProjectDirectory=E:\iEMR\Outreach\mmu-api 
java_command: org.codehaus.plexus.classworlds.launcher.Launcher clean install
java_class_path (initial): E:\software\apache-maven-3.5.3-bin\apache-maven-3.5.3\bin\..\boot\plexus-classworlds-2.5.2.jar
Launcher Type: SUN_STANDARD

Environment Variables:
JAVA_HOME=C:\Program Files\Java\jdk1.8.0_171
PATH=C:\Program Files (x86)\Common Files\Oracle\Java\javapath;C:\Program Files\Broadcom\Broadcom 802.11 Network Adapter;C:\ProgramData\Oracle\Java\javapath;C:\windows\system32;C:\windows;C:\windows\System32\Wbem;C:\windows\System32\WindowsPowerShell\v1.0\;C:\Program Files\Java\jdk1.8.0_171\bin;E:\software\apache-maven-3.5.3-bin\apache-maven-3.5.3\bin;C:\Users\ne298657\AppData\Roaming\npm;E:\software\Redis-x64-3.2.100;C:\Program Files\MySQL\MySQL Utilities 1.6\;C:\Program Files\Microsoft VS Code\bin;C:\Program Files\nodejs\;C:\Users\ne298657\AppData\Local\Microsoft\WindowsApps;C:\Program Files\Microsoft VS Code\bin;C:\Users\ne298657\AppData\Roaming\npm
USERNAME=NE298657
OS=Windows_NT
PROCESSOR_IDENTIFIER=Intel64 Family 6 Model 69 Stepping 1, GenuineIntel



---------------  S Y S T E M  ---------------

OS: Windows 10.0 , 64 bit Build 16299 (10.0.16299.431)

CPU:total 4 (initial active 4) (2 cores per cpu, 2 threads per core) family 6 model 69 stepping 1, cmov, cx8, fxsr, mmx, sse, sse2, sse3, ssse3, sse4.1, sse4.2, popcnt, avx, avx2, aes, clmul, erms, lzcnt, ht, tsc, tscinvbit, bmi1, bmi2

Memory: 4k page, physical 16154716k(10029592k free), swap 32407644k(26534928k free)

vm_info: Java HotSpot(TM) 64-Bit Server VM (25.171-b11) for windows-amd64 JRE (1.8.0_171-b11), built on Mar 28 2018 16:06:12 by "java_re" with MS VC++ 10.0 (VS2010)

time: Mon Aug 13 18:32:37 2018
elapsed time: 20 seconds (0d 0h 0m 20s)

